{"asctime": "2023-12-27T18:50:52Z", "levelname": "INFO", "name": "utils.log_utils", "module": "app_utils", "funcName": "read_data", "lineno": 24, "message": "data read successfully.."}
{"asctime": "2023-12-27T18:50:52Z", "levelname": "INFO", "name": "app.fileProcessor", "module": "fileProcessor", "funcName": "process_file", "lineno": 39, "message": "File processing successful!"}
{"asctime": "2023-12-27T18:51:04Z", "levelname": "ERROR", "name": "utils.log_utils", "module": "app_utils", "funcName": "read_data", "lineno": 31, "message": "Error reading file: [Errno 2] No such file or directory: '.data/input.txt'"}
{"asctime": "2023-12-27T18:51:04Z", "levelname": "ERROR", "name": "app.fileProcessor", "module": "fileProcessor", "funcName": "process_file", "lineno": 42, "message": "Custom Exception caught: fileReader::read_data(): FileNotFoundError - [Errno 2] No such file or directory: '.data/input.txt' [Line No 22]"}
{"asctime": "2023-12-27T18:52:03Z", "levelname": "INFO", "name": "utils.log_utils", "module": "app_utils", "funcName": "read_data", "lineno": 24, "message": "data read successfully.."}
{"asctime": "2023-12-27T18:52:03Z", "levelname": "INFO", "name": "app.fileProcessor", "module": "fileProcessor", "funcName": "process_file", "lineno": 39, "message": "File processing successful!"}
{"asctime": "2023-12-27T18:59:37Z", "levelname": "INFO", "name": "utils.log_utils", "module": "app_utils", "funcName": "read_data", "lineno": 24, "message": "data read successfully.."}
{"asctime": "2023-12-27T18:59:37Z", "levelname": "INFO", "name": "app.fileProcessor", "module": "fileProcessor", "funcName": "process_file", "lineno": 39, "message": "File processing successful!"}
{"asctime": "2023-12-27T19:50:33Z", "levelname": "INFO", "name": "utils.log_utils", "module": "app_utils", "funcName": "read_data", "lineno": 24, "message": "data read successfully.."}
{"asctime": "2023-12-27T19:50:33Z", "levelname": "INFO", "name": "app.fileProcessor", "module": "fileProcessor", "funcName": "process_file", "lineno": 40, "message": "File processing successful!"}
{"asctime": "2023-12-27T19:50:46Z", "levelname": "INFO", "name": "utils.log_utils", "module": "app_utils", "funcName": "read_data", "lineno": 24, "message": "data read successfully.."}
{"asctime": "2023-12-27T19:50:46Z", "levelname": "INFO", "name": "app.fileProcessor", "module": "fileProcessor", "funcName": "process_file", "lineno": 40, "message": "File processing successful!"}
{"asctime": "2023-12-27T19:50:54Z", "levelname": "INFO", "name": "utils.log_utils", "module": "app_utils", "funcName": "read_data", "lineno": 24, "message": "data read successfully.."}
{"asctime": "2023-12-27T19:50:54Z", "levelname": "INFO", "name": "app.fileProcessor", "module": "fileProcessor", "funcName": "process_file", "lineno": 40, "message": "File processing successful!"}
{"asctime": "2023-12-27T19:53:34Z", "levelname": "INFO", "name": "utils.log_utils", "module": "app_utils", "funcName": "read_data", "lineno": 24, "message": "data read successfully.."}
{"asctime": "2023-12-27T19:53:34Z", "levelname": "INFO", "name": "app.fileProcessor", "module": "fileProcessor", "funcName": "process_file", "lineno": 40, "message": "File processing successful!"}
{"asctime": "2023-12-27T19:56:09Z", "levelname": "INFO", "name": "utils.log_utils", "module": "app_utils", "funcName": "read_data", "lineno": 24, "message": "data read successfully.."}
{"asctime": "2023-12-27T19:56:09Z", "levelname": "INFO", "name": "app.fileProcessor", "module": "fileProcessor", "funcName": "process_file", "lineno": 40, "message": "File processing successful!"}
{"asctime": "2023-12-27T19:56:15Z", "levelname": "INFO", "name": "utils.log_utils", "module": "app_utils", "funcName": "read_data", "lineno": 24, "message": "data read successfully.."}
{"asctime": "2023-12-27T19:56:15Z", "levelname": "INFO", "name": "app.fileProcessor", "module": "fileProcessor", "funcName": "process_file", "lineno": 40, "message": "File processing successful!"}
{"asctime": "2023-12-28T09:34:46Z", "levelname": "ERROR", "name": "utils.log_utils", "module": "app_utils", "funcName": "read_data", "lineno": 31, "message": "Error reading file: expected str, bytes or os.PathLike object, not list"}
{"asctime": "2023-12-28T09:34:46Z", "levelname": "ERROR", "name": "app.fileProcessor", "module": "fileProcessor", "funcName": "process_file", "lineno": 43, "message": "Custom Exception caught: fileReader::read_data(): TypeError - expected str, bytes or os.PathLike object, not list [Line No 22]"}
{"asctime": "2023-12-28T09:39:10Z", "levelname": "ERROR", "name": "app.fileProcessor", "module": "fileProcessor", "funcName": "process_file", "lineno": 54, "message": "Error : fileProcessor::process_file(): TypeError - expected str, bytes or os.PathLike object, not list [Line No 40]"}
{"asctime": "2023-12-28T09:40:15Z", "levelname": "ERROR", "name": "app.fileProcessor", "module": "fileProcessor", "funcName": "process_file", "lineno": 55, "message": "Error : fileProcessor::process_file(): TypeError - expected str, bytes or os.PathLike object, not list [Line No 40]"}
{"asctime": "2023-12-28T09:42:53Z", "levelname": "ERROR", "name": "app.fileProcessor", "module": "fileProcessor", "funcName": "process_file", "lineno": 55, "message": "Error : fileProcessor::process_file(): TypeError - expected str, bytes or os.PathLike object, not list [Line No 40]"}
{"asctime": "2023-12-28T09:43:09Z", "levelname": "ERROR", "name": "app.fileProcessor", "module": "fileProcessor", "funcName": "process_file", "lineno": 55, "message": "Error : fileProcessor::process_file(): TypeError - expected str, bytes or os.PathLike object, not list [Line No 39]"}
{"asctime": "2023-12-28T09:44:54Z", "levelname": "ERROR", "name": "app.fileProcessor", "module": "fileProcessor", "funcName": "process_file", "lineno": 66, "message": "Error : fileProcessor::process_file(): AttributeError - 'FileProcessor' object has no attribute 'input_patterns' [Line No 40]"}
{"asctime": "2023-12-28T09:45:37Z", "levelname": "ERROR", "name": "app.fileProcessor", "module": "fileProcessor", "funcName": "process_file", "lineno": 63, "message": "Error : fileProcessor::process_file(): AttributeError - 'FileProcessor' object has no attribute 'input_patterns' [Line No 40]"}
{"asctime": "2023-12-28T09:45:54Z", "levelname": "ERROR", "name": "app.fileProcessor", "module": "fileProcessor", "funcName": "process_file", "lineno": 63, "message": "Error : fileProcessor::process_file(): ValueError - Input pattern must be a string. [Line No 43]"}
{"asctime": "2023-12-28T09:46:24Z", "levelname": "ERROR", "name": "app.fileProcessor", "module": "fileProcessor", "funcName": "process_file", "lineno": 63, "message": "Error : fileProcessor::process_file(): ValueError - Input pattern must be a string. [Line No 43]"}
{"asctime": "2023-12-28T09:47:14Z", "levelname": "ERROR", "name": "app.fileProcessor", "module": "fileProcessor", "funcName": "process_file", "lineno": 64, "message": "Error : fileProcessor::process_file(): ValueError - Input pattern must be a string. [Line No 43]"}
{"asctime": "2023-12-28T09:47:45Z", "levelname": "ERROR", "name": "app.fileProcessor", "module": "fileProcessor", "funcName": "process_file", "lineno": 64, "message": "Error : fileProcessor::process_file(): ValueError - Input pattern must be a string. [Line No 44]"}
{"asctime": "2023-12-28T09:49:21Z", "levelname": "ERROR", "name": "app.fileProcessor", "module": "fileProcessor", "funcName": "process_file", "lineno": 64, "message": "Error : fileProcessor::process_file(): ValueError - Input pattern must be a string. [Line No 44]"}
{"asctime": "2023-12-28T09:51:41Z", "levelname": "INFO", "name": "app.fileProcessor", "module": "fileProcessor", "funcName": "process_file", "lineno": 50, "message": "file processing ..: data/input.txt"}
{"asctime": "2023-12-28T09:51:41Z", "levelname": "INFO", "name": "utils.log_utils", "module": "app_utils", "funcName": "read_data", "lineno": 24, "message": "data read successfully.."}
{"asctime": "2023-12-28T09:51:41Z", "levelname": "INFO", "name": "app.fileProcessor", "module": "fileProcessor", "funcName": "process_file", "lineno": 54, "message": "data/input.txt : File processing successful..!"}
{"asctime": "2023-12-28T09:51:41Z", "levelname": "INFO", "name": "app.fileProcessor", "module": "fileProcessor", "funcName": "process_file", "lineno": 50, "message": "file processing ..: data/output.txt"}
{"asctime": "2023-12-28T09:51:41Z", "levelname": "INFO", "name": "utils.log_utils", "module": "app_utils", "funcName": "read_data", "lineno": 24, "message": "data read successfully.."}
{"asctime": "2023-12-28T09:51:41Z", "levelname": "INFO", "name": "app.fileProcessor", "module": "fileProcessor", "funcName": "process_file", "lineno": 54, "message": "data/output.txt : File processing successful..!"}
{"asctime": "2023-12-28T09:52:10Z", "levelname": "INFO", "name": "app.fileProcessor", "module": "fileProcessor", "funcName": "process_file", "lineno": 50, "message": "file processing ..: data/input.txt"}
{"asctime": "2023-12-28T09:52:10Z", "levelname": "INFO", "name": "utils.log_utils", "module": "app_utils", "funcName": "read_data", "lineno": 24, "message": "data read successfully.."}
{"asctime": "2023-12-28T09:52:10Z", "levelname": "INFO", "name": "app.fileProcessor", "module": "fileProcessor", "funcName": "process_file", "lineno": 54, "message": "data/input.txt : File processing successful..!"}
{"asctime": "2023-12-28T09:52:10Z", "levelname": "INFO", "name": "app.fileProcessor", "module": "fileProcessor", "funcName": "process_file", "lineno": 50, "message": "file processing ..: data/output.txt"}
{"asctime": "2023-12-28T09:52:10Z", "levelname": "INFO", "name": "utils.log_utils", "module": "app_utils", "funcName": "read_data", "lineno": 24, "message": "data read successfully.."}
{"asctime": "2023-12-28T09:52:10Z", "levelname": "INFO", "name": "app.fileProcessor", "module": "fileProcessor", "funcName": "process_file", "lineno": 54, "message": "data/output.txt : File processing successful..!"}
{"asctime": "2023-12-28T09:54:52Z", "levelname": "INFO", "name": "app.fileProcessor", "module": "fileProcessor", "funcName": "process_file", "lineno": 50, "message": "file processing ..: data/output.txt"}
{"asctime": "2023-12-28T09:54:52Z", "levelname": "INFO", "name": "utils.log_utils", "module": "app_utils", "funcName": "read_data", "lineno": 24, "message": "data read successfully.."}
{"asctime": "2023-12-28T09:54:52Z", "levelname": "INFO", "name": "app.fileProcessor", "module": "fileProcessor", "funcName": "process_file", "lineno": 54, "message": "data/output.txt : File processing successful..!"}
{"asctime": "2023-12-28T09:56:05Z", "levelname": "INFO", "name": "app.fileProcessor", "module": "fileProcessor", "funcName": "process_file", "lineno": 50, "message": "file processing ..: data/input.txt"}
{"asctime": "2023-12-28T09:56:05Z", "levelname": "INFO", "name": "utils.log_utils", "module": "app_utils", "funcName": "read_data", "lineno": 24, "message": "data read successfully.."}
{"asctime": "2023-12-28T09:56:05Z", "levelname": "INFO", "name": "app.fileProcessor", "module": "fileProcessor", "funcName": "process_file", "lineno": 54, "message": "data/input.txt : File processing successful..!"}
{"asctime": "2023-12-28T09:56:05Z", "levelname": "INFO", "name": "app.fileProcessor", "module": "fileProcessor", "funcName": "process_file", "lineno": 50, "message": "file processing ..: data/output.txt"}
{"asctime": "2023-12-28T09:56:05Z", "levelname": "INFO", "name": "utils.log_utils", "module": "app_utils", "funcName": "read_data", "lineno": 24, "message": "data read successfully.."}
{"asctime": "2023-12-28T09:56:05Z", "levelname": "INFO", "name": "app.fileProcessor", "module": "fileProcessor", "funcName": "process_file", "lineno": 54, "message": "data/output.txt : File processing successful..!"}
{"asctime": "2023-12-28T09:56:37Z", "levelname": "INFO", "name": "app.fileProcessor", "module": "fileProcessor", "funcName": "process_file", "lineno": 50, "message": "file processing ..: data\\input.txt"}
{"asctime": "2023-12-28T09:56:37Z", "levelname": "INFO", "name": "utils.log_utils", "module": "app_utils", "funcName": "read_data", "lineno": 24, "message": "data read successfully.."}
{"asctime": "2023-12-28T09:56:37Z", "levelname": "INFO", "name": "app.fileProcessor", "module": "fileProcessor", "funcName": "process_file", "lineno": 54, "message": "data\\input.txt : File processing successful..!"}
{"asctime": "2023-12-28T09:56:37Z", "levelname": "INFO", "name": "app.fileProcessor", "module": "fileProcessor", "funcName": "process_file", "lineno": 50, "message": "file processing ..: data\\output.txt"}
{"asctime": "2023-12-28T09:56:37Z", "levelname": "INFO", "name": "utils.log_utils", "module": "app_utils", "funcName": "read_data", "lineno": 24, "message": "data read successfully.."}
{"asctime": "2023-12-28T09:56:37Z", "levelname": "INFO", "name": "app.fileProcessor", "module": "fileProcessor", "funcName": "process_file", "lineno": 54, "message": "data\\output.txt : File processing successful..!"}
{"asctime": "2023-12-28T10:00:31Z", "levelname": "INFO", "name": "app.fileProcessor", "module": "fileProcessor", "funcName": "process_file", "lineno": 42, "message": "file processing ..: data\\input.txt"}
{"asctime": "2023-12-28T10:00:31Z", "levelname": "INFO", "name": "utils.log_utils", "module": "app_utils", "funcName": "read_data", "lineno": 24, "message": "data read successfully.."}
{"asctime": "2023-12-28T10:00:31Z", "levelname": "INFO", "name": "app.fileProcessor", "module": "fileProcessor", "funcName": "process_file", "lineno": 46, "message": "data\\input.txt : File processing successful..!"}
{"asctime": "2023-12-28T10:00:31Z", "levelname": "INFO", "name": "app.fileProcessor", "module": "fileProcessor", "funcName": "process_file", "lineno": 42, "message": "file processing ..: data\\output.txt"}
{"asctime": "2023-12-28T10:00:31Z", "levelname": "INFO", "name": "utils.log_utils", "module": "app_utils", "funcName": "read_data", "lineno": 24, "message": "data read successfully.."}
{"asctime": "2023-12-28T10:00:31Z", "levelname": "INFO", "name": "app.fileProcessor", "module": "fileProcessor", "funcName": "process_file", "lineno": 46, "message": "data\\output.txt : File processing successful..!"}
{"asctime": "2023-12-28T10:03:30Z", "levelname": "INFO", "name": "app.fileProcessor", "module": "fileProcessor", "funcName": "process_file", "lineno": 42, "message": "file processing ..: data\\output.txt"}
{"asctime": "2023-12-28T10:03:30Z", "levelname": "INFO", "name": "utils.log_utils", "module": "app_utils", "funcName": "read_data", "lineno": 24, "message": "data read successfully.."}
{"asctime": "2023-12-28T10:03:30Z", "levelname": "INFO", "name": "app.fileProcessor", "module": "fileProcessor", "funcName": "process_file", "lineno": 46, "message": "data\\output.txt : File processing successful..!"}
{"asctime": "2023-12-28T10:04:02Z", "levelname": "ERROR", "name": "app.fileProcessor", "module": "fileProcessor", "funcName": "process_file", "lineno": 65, "message": "Error : fileProcessor::process_file(): TypeError - expected str, bytes or os.PathLike object, not list [Line No 41]"}
{"asctime": "2023-12-28T10:04:59Z", "levelname": "ERROR", "name": "app.fileProcessor", "module": "fileProcessor", "funcName": "process_file", "lineno": 65, "message": "Error : fileProcessor::process_file(): TypeError - expected str, bytes or os.PathLike object, not list [Line No 41]"}
{"asctime": "2023-12-28T10:08:24Z", "levelname": "ERROR", "name": "app.fileProcessor", "module": "fileProcessor", "funcName": "process_file", "lineno": 73, "message": "Error : fileProcessor::process_file(): TypeError - check_infile_type() takes 1 positional argument but 2 were given [Line No 44]"}
{"asctime": "2023-12-28T10:09:44Z", "levelname": "INFO", "name": "app.fileProcessor", "module": "fileProcessor", "funcName": "process_file", "lineno": 43, "message": "file processing ..: data\\output.txt"}
{"asctime": "2023-12-28T10:09:44Z", "levelname": "INFO", "name": "utils.log_utils", "module": "app_utils", "funcName": "read_data", "lineno": 24, "message": "data read successfully.."}
{"asctime": "2023-12-28T10:09:44Z", "levelname": "INFO", "name": "app.fileProcessor", "module": "fileProcessor", "funcName": "process_file", "lineno": 47, "message": "data\\output.txt : File processing successful..!"}
{"asctime": "2023-12-28T10:09:46Z", "levelname": "INFO", "name": "app.fileProcessor", "module": "fileProcessor", "funcName": "process_file", "lineno": 43, "message": "file processing ..: data\\input.txt"}
{"asctime": "2023-12-28T10:09:46Z", "levelname": "INFO", "name": "utils.log_utils", "module": "app_utils", "funcName": "read_data", "lineno": 24, "message": "data read successfully.."}
{"asctime": "2023-12-28T10:09:46Z", "levelname": "INFO", "name": "app.fileProcessor", "module": "fileProcessor", "funcName": "process_file", "lineno": 47, "message": "data\\input.txt : File processing successful..!"}
{"asctime": "2023-12-28T10:09:46Z", "levelname": "INFO", "name": "app.fileProcessor", "module": "fileProcessor", "funcName": "process_file", "lineno": 43, "message": "file processing ..: data\\output.txt"}
{"asctime": "2023-12-28T10:09:46Z", "levelname": "INFO", "name": "utils.log_utils", "module": "app_utils", "funcName": "read_data", "lineno": 24, "message": "data read successfully.."}
{"asctime": "2023-12-28T10:09:46Z", "levelname": "INFO", "name": "app.fileProcessor", "module": "fileProcessor", "funcName": "process_file", "lineno": 47, "message": "data\\output.txt : File processing successful..!"}
{"asctime": "2023-12-28T10:10:42Z", "levelname": "INFO", "name": "app.fileProcessor", "module": "fileProcessor", "funcName": "process_file", "lineno": 43, "message": "file processing ..: data\\input.txt"}
{"asctime": "2023-12-28T10:10:42Z", "levelname": "INFO", "name": "utils.log_utils", "module": "app_utils", "funcName": "read_data", "lineno": 24, "message": "data read successfully.."}
{"asctime": "2023-12-28T10:10:42Z", "levelname": "INFO", "name": "app.fileProcessor", "module": "fileProcessor", "funcName": "process_file", "lineno": 47, "message": "data\\input.txt : File processing successful..!"}
{"asctime": "2023-12-28T10:10:42Z", "levelname": "INFO", "name": "app.fileProcessor", "module": "fileProcessor", "funcName": "process_file", "lineno": 43, "message": "file processing ..: data\\output.txt"}
{"asctime": "2023-12-28T10:10:42Z", "levelname": "INFO", "name": "utils.log_utils", "module": "app_utils", "funcName": "read_data", "lineno": 24, "message": "data read successfully.."}
{"asctime": "2023-12-28T10:10:42Z", "levelname": "INFO", "name": "app.fileProcessor", "module": "fileProcessor", "funcName": "process_file", "lineno": 47, "message": "data\\output.txt : File processing successful..!"}
{"asctime": "2023-12-28T10:11:37Z", "levelname": "INFO", "name": "app.fileProcessor", "module": "fileProcessor", "funcName": "process_file", "lineno": 43, "message": "file processing ..: data\\input.txt"}
{"asctime": "2023-12-28T10:11:37Z", "levelname": "INFO", "name": "utils.log_utils", "module": "app_utils", "funcName": "read_data", "lineno": 24, "message": "data read successfully.."}
{"asctime": "2023-12-28T10:11:37Z", "levelname": "INFO", "name": "app.fileProcessor", "module": "fileProcessor", "funcName": "process_file", "lineno": 47, "message": "data\\input.txt : File processing successful..!"}
{"asctime": "2023-12-28T10:11:37Z", "levelname": "INFO", "name": "app.fileProcessor", "module": "fileProcessor", "funcName": "process_file", "lineno": 43, "message": "file processing ..: data\\output.txt"}
{"asctime": "2023-12-28T10:11:37Z", "levelname": "INFO", "name": "utils.log_utils", "module": "app_utils", "funcName": "read_data", "lineno": 24, "message": "data read successfully.."}
{"asctime": "2023-12-28T10:11:37Z", "levelname": "INFO", "name": "app.fileProcessor", "module": "fileProcessor", "funcName": "process_file", "lineno": 47, "message": "data\\output.txt : File processing successful..!"}
{"asctime": "2023-12-28T10:12:07Z", "levelname": "INFO", "name": "app.fileProcessor", "module": "fileProcessor", "funcName": "process_file", "lineno": 43, "message": "file processing ..: data\\input.txt"}
{"asctime": "2023-12-28T10:12:07Z", "levelname": "INFO", "name": "utils.log_utils", "module": "app_utils", "funcName": "read_data", "lineno": 24, "message": "data read successfully.."}
{"asctime": "2023-12-28T10:12:07Z", "levelname": "INFO", "name": "app.fileProcessor", "module": "fileProcessor", "funcName": "process_file", "lineno": 47, "message": "data\\input.txt : File processing successful..!"}
{"asctime": "2023-12-28T10:12:07Z", "levelname": "INFO", "name": "app.fileProcessor", "module": "fileProcessor", "funcName": "process_file", "lineno": 43, "message": "file processing ..: data\\output.txt"}
{"asctime": "2023-12-28T10:12:07Z", "levelname": "INFO", "name": "utils.log_utils", "module": "app_utils", "funcName": "read_data", "lineno": 24, "message": "data read successfully.."}
{"asctime": "2023-12-28T10:12:07Z", "levelname": "INFO", "name": "app.fileProcessor", "module": "fileProcessor", "funcName": "process_file", "lineno": 47, "message": "data\\output.txt : File processing successful..!"}
{"asctime": "2023-12-28T10:15:23Z", "levelname": "INFO", "name": "app.fileProcessor", "module": "fileProcessor", "funcName": "process_file", "lineno": 43, "message": "file processing ..: data/input.txt"}
{"asctime": "2023-12-28T10:15:23Z", "levelname": "INFO", "name": "utils.log_utils", "module": "app_utils", "funcName": "read_data", "lineno": 24, "message": "data read successfully.."}
{"asctime": "2023-12-28T10:15:23Z", "levelname": "INFO", "name": "app.fileProcessor", "module": "fileProcessor", "funcName": "process_file", "lineno": 47, "message": "data/input.txt : File processing successful..!"}
{"asctime": "2023-12-28T10:15:23Z", "levelname": "INFO", "name": "app.fileProcessor", "module": "fileProcessor", "funcName": "process_file", "lineno": 43, "message": "file processing ..: data/output.txt"}
{"asctime": "2023-12-28T10:15:23Z", "levelname": "INFO", "name": "utils.log_utils", "module": "app_utils", "funcName": "read_data", "lineno": 24, "message": "data read successfully.."}
{"asctime": "2023-12-28T10:15:23Z", "levelname": "INFO", "name": "app.fileProcessor", "module": "fileProcessor", "funcName": "process_file", "lineno": 47, "message": "data/output.txt : File processing successful..!"}
{"asctime": "2023-12-28T10:15:59Z", "levelname": "INFO", "name": "app.fileProcessor", "module": "fileProcessor", "funcName": "process_file", "lineno": 43, "message": "file processing ..: data/input.txt"}
{"asctime": "2023-12-28T10:15:59Z", "levelname": "INFO", "name": "utils.log_utils", "module": "app_utils", "funcName": "read_data", "lineno": 24, "message": "data read successfully.."}
{"asctime": "2023-12-28T10:15:59Z", "levelname": "INFO", "name": "app.fileProcessor", "module": "fileProcessor", "funcName": "process_file", "lineno": 47, "message": "data/input.txt : File processing successful..!"}
{"asctime": "2023-12-28T10:15:59Z", "levelname": "INFO", "name": "app.fileProcessor", "module": "fileProcessor", "funcName": "process_file", "lineno": 43, "message": "file processing ..: data/output.txt"}
{"asctime": "2023-12-28T10:15:59Z", "levelname": "INFO", "name": "utils.log_utils", "module": "app_utils", "funcName": "read_data", "lineno": 24, "message": "data read successfully.."}
{"asctime": "2023-12-28T10:15:59Z", "levelname": "INFO", "name": "app.fileProcessor", "module": "fileProcessor", "funcName": "process_file", "lineno": 47, "message": "data/output.txt : File processing successful..!"}
{"asctime": "2023-12-28T10:16:53Z", "levelname": "INFO", "name": "app.fileProcessor", "module": "fileProcessor", "funcName": "process_file", "lineno": 43, "message": "file processing ..: data/input.txt"}
{"asctime": "2023-12-28T10:16:53Z", "levelname": "INFO", "name": "utils.log_utils", "module": "app_utils", "funcName": "read_data", "lineno": 24, "message": "data read successfully.."}
{"asctime": "2023-12-28T10:16:53Z", "levelname": "INFO", "name": "app.fileProcessor", "module": "fileProcessor", "funcName": "process_file", "lineno": 47, "message": "data/input.txt : File processing successful..!"}
{"asctime": "2023-12-28T10:16:53Z", "levelname": "INFO", "name": "app.fileProcessor", "module": "fileProcessor", "funcName": "process_file", "lineno": 43, "message": "file processing ..: data/output.txt"}
{"asctime": "2023-12-28T10:16:53Z", "levelname": "INFO", "name": "utils.log_utils", "module": "app_utils", "funcName": "read_data", "lineno": 24, "message": "data read successfully.."}
{"asctime": "2023-12-28T10:16:53Z", "levelname": "INFO", "name": "app.fileProcessor", "module": "fileProcessor", "funcName": "process_file", "lineno": 47, "message": "data/output.txt : File processing successful..!"}
{"asctime": "2023-12-28T10:19:17Z", "levelname": "INFO", "name": "app.fileProcessor", "module": "fileProcessor", "funcName": "process_file", "lineno": 43, "message": "file processing ..: data/input.txt"}
{"asctime": "2023-12-28T10:19:17Z", "levelname": "INFO", "name": "utils.log_utils", "module": "app_utils", "funcName": "read_data", "lineno": 24, "message": "data read successfully.."}
{"asctime": "2023-12-28T10:19:17Z", "levelname": "INFO", "name": "app.fileProcessor", "module": "fileProcessor", "funcName": "process_file", "lineno": 47, "message": "data/input.txt : File processing successful..!"}
{"asctime": "2023-12-28T10:19:17Z", "levelname": "INFO", "name": "app.fileProcessor", "module": "fileProcessor", "funcName": "process_file", "lineno": 43, "message": "file processing ..: data/output.txt"}
{"asctime": "2023-12-28T10:19:17Z", "levelname": "INFO", "name": "utils.log_utils", "module": "app_utils", "funcName": "read_data", "lineno": 24, "message": "data read successfully.."}
{"asctime": "2023-12-28T10:19:17Z", "levelname": "INFO", "name": "app.fileProcessor", "module": "fileProcessor", "funcName": "process_file", "lineno": 47, "message": "data/output.txt : File processing successful..!"}
{"asctime": "2023-12-28T10:34:46Z", "levelname": "INFO", "name": "app.fileProcessor", "module": "fileProcessor", "funcName": "process_file", "lineno": 55, "message": "file processing ..: data/input.txt"}
{"asctime": "2023-12-28T10:34:46Z", "levelname": "INFO", "name": "utils.log_utils", "module": "app_utils", "funcName": "read_data", "lineno": 24, "message": "data read successfully.."}
{"asctime": "2023-12-28T10:34:46Z", "levelname": "INFO", "name": "app.fileProcessor", "module": "fileProcessor", "funcName": "process_file", "lineno": 59, "message": "data/input.txt : File processing successful..!"}
{"asctime": "2023-12-28T10:34:46Z", "levelname": "INFO", "name": "app.fileProcessor", "module": "fileProcessor", "funcName": "process_file", "lineno": 55, "message": "file processing ..: data/output.txt"}
{"asctime": "2023-12-28T10:34:46Z", "levelname": "INFO", "name": "utils.log_utils", "module": "app_utils", "funcName": "read_data", "lineno": 24, "message": "data read successfully.."}
{"asctime": "2023-12-28T10:34:46Z", "levelname": "INFO", "name": "app.fileProcessor", "module": "fileProcessor", "funcName": "process_file", "lineno": 59, "message": "data/output.txt : File processing successful..!"}
{"asctime": "2023-12-28T10:41:05Z", "levelname": "INFO", "name": "app.fileProcessor", "module": "fileProcessor", "funcName": "process_file", "lineno": 57, "message": "file processing ..: data/input.txt"}
{"asctime": "2023-12-28T10:41:05Z", "levelname": "INFO", "name": "utils.log_utils", "module": "app_utils", "funcName": "read_data", "lineno": 24, "message": "data read successfully.."}
{"asctime": "2023-12-28T10:41:05Z", "levelname": "INFO", "name": "app.fileProcessor", "module": "fileProcessor", "funcName": "process_file", "lineno": 61, "message": "data/input.txt : File processing successful..!"}
{"asctime": "2023-12-28T14:51:17Z", "levelname": "INFO", "name": "app.fileProcessor", "module": "fileProcessor", "funcName": "process_file", "lineno": 60, "message": "file processing ..: data/input.txt"}
{"asctime": "2023-12-28T14:51:17Z", "levelname": "INFO", "name": "utils.log_utils", "module": "app_utils", "funcName": "read_data", "lineno": 24, "message": "data read successfully.."}
{"asctime": "2023-12-28T14:51:17Z", "levelname": "INFO", "name": "app.fileProcessor", "module": "fileProcessor", "funcName": "process_file", "lineno": 64, "message": "data/input.txt : File processing successful..!"}
{"asctime": "2023-12-28T15:01:00Z", "levelname": "INFO", "name": "app.fileProcessor", "module": "fileProcessor", "funcName": "process_file", "lineno": 60, "message": "file processing ..: data/input.txt"}
{"asctime": "2023-12-28T15:01:00Z", "levelname": "INFO", "name": "utils.log_utils", "module": "app_utils", "funcName": "read_data", "lineno": 24, "message": "data read successfully.."}
{"asctime": "2023-12-28T15:01:00Z", "levelname": "INFO", "name": "app.fileProcessor", "module": "fileProcessor", "funcName": "process_file", "lineno": 64, "message": "data/input.txt : File processing successful..!"}
{"asctime": "2023-12-28T15:01:00Z", "levelname": "INFO", "name": "app.fileProcessor", "module": "fileProcessor", "funcName": "process_file", "lineno": 60, "message": "file processing ..: data/output.txt"}
{"asctime": "2023-12-28T15:01:00Z", "levelname": "INFO", "name": "utils.log_utils", "module": "app_utils", "funcName": "read_data", "lineno": 24, "message": "data read successfully.."}
{"asctime": "2023-12-28T15:01:00Z", "levelname": "INFO", "name": "app.fileProcessor", "module": "fileProcessor", "funcName": "process_file", "lineno": 64, "message": "data/output.txt : File processing successful..!"}
{"asctime": "2023-12-28T15:20:12Z", "levelname": "INFO", "name": "app.fileProcessor", "module": "fileProcessor", "funcName": "process_file", "lineno": 60, "message": "file processing ..: data/input.txt"}
{"asctime": "2023-12-28T15:20:12Z", "levelname": "INFO", "name": "utils.log_utils", "module": "app_utils", "funcName": "read_data", "lineno": 24, "message": "data read successfully.."}
{"asctime": "2023-12-28T15:20:12Z", "levelname": "INFO", "name": "app.fileProcessor", "module": "fileProcessor", "funcName": "process_file", "lineno": 64, "message": "data/input.txt : File processing successful..!"}
{"asctime": "2023-12-28T15:20:51Z", "levelname": "INFO", "name": "app.fileProcessor", "module": "fileProcessor", "funcName": "process_file", "lineno": 60, "message": "file processing ..: data/input.txt"}
{"asctime": "2023-12-28T15:20:51Z", "levelname": "INFO", "name": "utils.log_utils", "module": "app_utils", "funcName": "read_data", "lineno": 24, "message": "data read successfully.."}
{"asctime": "2023-12-28T15:20:51Z", "levelname": "INFO", "name": "app.fileProcessor", "module": "fileProcessor", "funcName": "process_file", "lineno": 64, "message": "data/input.txt : File processing successful..!"}
{"asctime": "2023-12-28T15:21:03Z", "levelname": "INFO", "name": "app.fileProcessor", "module": "fileProcessor", "funcName": "process_file", "lineno": 60, "message": "file processing ..: data/input.txt"}
{"asctime": "2023-12-28T15:21:03Z", "levelname": "INFO", "name": "utils.log_utils", "module": "app_utils", "funcName": "read_data", "lineno": 24, "message": "data read successfully.."}
{"asctime": "2023-12-28T15:21:03Z", "levelname": "INFO", "name": "app.fileProcessor", "module": "fileProcessor", "funcName": "process_file", "lineno": 64, "message": "data/input.txt : File processing successful..!"}
{"asctime": "2023-12-28T17:27:54Z", "levelname": "INFO", "name": "app.fileProcessor", "module": "fileProcessor", "funcName": "process_file", "lineno": 60, "message": "file processing ..: data/input.txt"}
{"asctime": "2023-12-28T17:27:54Z", "levelname": "INFO", "name": "utils.log_utils", "module": "app_utils", "funcName": "read_data", "lineno": 24, "message": "data read successfully.."}
{"asctime": "2023-12-28T17:27:54Z", "levelname": "INFO", "name": "app.fileProcessor", "module": "fileProcessor", "funcName": "process_file", "lineno": 64, "message": "data/input.txt : File processing successful..!"}
{"asctime": "2023-12-28T22:37:58Z", "levelname": "INFO", "name": "app.fileProcessor", "module": "fileProcessor", "funcName": "process_file", "lineno": 57, "message": "file processing ..: data/input.txt"}
{"asctime": "2023-12-28T22:37:58Z", "levelname": "INFO", "name": "utils.log_utils", "module": "app_utils", "funcName": "read_data", "lineno": 24, "message": "data read successfully.."}
{"asctime": "2023-12-28T22:37:58Z", "levelname": "INFO", "name": "app.fileProcessor", "module": "fileProcessor", "funcName": "process_file", "lineno": 61, "message": "data/input.txt : File processing successful..!"}
{"asctime": "2023-12-28T23:23:54Z", "levelname": "INFO", "name": "app.fileProcessor", "module": "fileProcessor", "funcName": "process_file", "lineno": 57, "message": "file processing ..: data/input.txt"}
{"asctime": "2023-12-28T23:23:54Z", "levelname": "INFO", "name": "utils.app_utils", "module": "app_utils", "funcName": "read_data", "lineno": 25, "message": "data read successfully.."}
{"asctime": "2023-12-28T23:23:54Z", "levelname": "INFO", "name": "app.fileProcessor", "module": "fileProcessor", "funcName": "process_file", "lineno": 61, "message": "data/input.txt : File processing successful..!"}
{"asctime": "2023-12-28T23:56:06Z", "levelname": "INFO", "name": "app.fileProcessor", "module": "fileProcessor", "funcName": "process_file", "lineno": 57, "message": "file processing ..: data/input.txt"}
{"asctime": "2023-12-28T23:56:06Z", "levelname": "INFO", "name": "utils.app_utils", "module": "app_utils", "funcName": "read_data", "lineno": 25, "message": "data read successfully.."}
{"asctime": "2023-12-28T23:56:06Z", "levelname": "INFO", "name": "app.fileProcessor", "module": "fileProcessor", "funcName": "process_file", "lineno": 61, "message": "data/input.txt : File processing successful..!"}
{"asctime": "2023-12-28T23:57:08Z", "levelname": "INFO", "name": "utils.log_utils", "module": "log_utils", "funcName": "configure_logging", "lineno": 45, "message": "Logging configured."}
{"asctime": "2023-12-28T23:57:08Z", "levelname": "INFO", "name": "app.fileProcessor", "module": "fileProcessor", "funcName": "process_file", "lineno": 57, "message": "file processing ..: data/input.txt"}
{"asctime": "2023-12-28T23:57:08Z", "levelname": "INFO", "name": "utils.app_utils", "module": "app_utils", "funcName": "read_data", "lineno": 25, "message": "data read successfully.."}
{"asctime": "2023-12-28T23:57:08Z", "levelname": "INFO", "name": "app.fileProcessor", "module": "fileProcessor", "funcName": "process_file", "lineno": 61, "message": "data/input.txt : File processing successful..!"}
{"asctime": "2023-12-31T18:33:31Z", "levelname": "INFO", "name": "utils.log_utils", "module": "log_utils", "funcName": "configure_logging", "lineno": 45, "message": "Logging configured."}
{"asctime": "2023-12-31T18:33:31Z", "levelname": "INFO", "name": "app.fileProcessor", "module": "fileProcessor", "funcName": "process_file", "lineno": 57, "message": "file processing ..: data/input.txt"}
{"asctime": "2023-12-31T18:33:31Z", "levelname": "INFO", "name": "utils.app_utils", "module": "app_utils", "funcName": "read_data", "lineno": 25, "message": "data read successfully.."}
{"asctime": "2023-12-31T18:33:31Z", "levelname": "INFO", "name": "app.fileProcessor", "module": "fileProcessor", "funcName": "process_file", "lineno": 61, "message": "data/input.txt : File processing successful..!"}
{"asctime": "2023-12-31T19:24:22Z", "levelname": "INFO", "name": "utils.log_utils", "module": "log_utils", "funcName": "configure_logging", "lineno": 45, "message": "Logging configured."}
{"asctime": "2023-12-31T19:24:22Z", "levelname": "INFO", "name": "app.fileProcessor", "module": "fileProcessor", "funcName": "process_file", "lineno": 60, "message": "file processing ..: data/input.txt"}
{"asctime": "2023-12-31T19:24:22Z", "levelname": "INFO", "name": "utils.app_utils", "module": "app_utils", "funcName": "read_data", "lineno": 25, "message": "data read successfully.."}
{"asctime": "2023-12-31T19:24:22Z", "levelname": "CRITICAL", "name": "app.fileProcessor", "module": "fileProcessor", "funcName": "process_file", "lineno": 64, "message": "data/input.txt : File processing successful..!"}
{"asctime": "2023-12-31T19:25:20Z", "levelname": "INFO", "name": "utils.log_utils", "module": "log_utils", "funcName": "configure_logging", "lineno": 45, "message": "Logging configured."}
{"asctime": "2023-12-31T19:25:20Z", "levelname": "INFO", "name": "app.fileProcessor", "module": "fileProcessor", "funcName": "process_file", "lineno": 60, "message": "file processing ..: data/input.txt"}
{"asctime": "2023-12-31T19:25:20Z", "levelname": "INFO", "name": "utils.app_utils", "module": "app_utils", "funcName": "read_data", "lineno": 25, "message": "data read successfully.."}
{"asctime": "2023-12-31T19:25:20Z", "levelname": "CRITICAL", "name": "app.fileProcessor", "module": "fileProcessor", "funcName": "process_file", "lineno": 64, "message": "data/input.txt : File processing successful..!"}
{"asctime": "2023-12-31T19:27:45Z", "levelname": "INFO", "name": "utils.log_utils", "module": "log_utils", "funcName": "configure_logging", "lineno": 45, "message": "Logging configured."}
{"asctime": "2023-12-31T19:27:45Z", "levelname": "INFO", "name": "app.fileProcessor", "module": "fileProcessor", "funcName": "process_file", "lineno": 61, "message": "file processing ..: data/input.txt"}
{"asctime": "2023-12-31T19:27:45Z", "levelname": "INFO", "name": "utils.app_utils", "module": "app_utils", "funcName": "read_data", "lineno": 25, "message": "data read successfully.."}
{"asctime": "2023-12-31T19:27:45Z", "levelname": "CRITICAL", "name": "app.fileProcessor", "module": "fileProcessor", "funcName": "process_file", "lineno": 65, "message": "data/input.txt : File processing successful..!"}
{"asctime": "2023-12-31T19:29:20Z", "levelname": "INFO", "name": "utils.log_utils", "module": "log_utils", "funcName": "configure_logging", "lineno": 45, "message": "Logging configured."}
{"asctime": "2023-12-31T19:29:20Z", "levelname": "INFO", "name": "app.fileProcessor", "module": "fileProcessor", "funcName": "process_file", "lineno": 61, "message": "file processing ..: data/input.txt"}
{"asctime": "2023-12-31T19:29:20Z", "levelname": "INFO", "name": "utils.app_utils", "module": "app_utils", "funcName": "read_data", "lineno": 25, "message": "data read successfully.."}
{"asctime": "2023-12-31T19:29:20Z", "levelname": "CRITICAL", "name": "app.fileProcessor", "module": "fileProcessor", "funcName": "process_file", "lineno": 65, "message": "data/input.txt : File processing successful..!"}
{"asctime": "2023-12-31T19:33:38Z", "levelname": "INFO", "name": "utils.log_utils", "module": "log_utils", "funcName": "configure_logging", "lineno": 45, "message": "Logging configured."}
{"asctime": "2023-12-31T19:33:38Z", "levelname": "INFO", "name": "utils.app_utils", "module": "app_utils", "funcName": "read_data", "lineno": 25, "message": "data read successfully.."}
{"asctime": "2023-12-31T19:34:52Z", "levelname": "INFO", "name": "utils.log_utils", "module": "log_utils", "funcName": "configure_logging", "lineno": 45, "message": "Logging configured."}
{"asctime": "2023-12-31T19:34:52Z", "levelname": "INFO", "name": "app.fileProcessor", "module": "fileProcessor", "funcName": "process_file", "lineno": 57, "message": "file processing ..: data/input.txt"}
{"asctime": "2023-12-31T19:34:52Z", "levelname": "INFO", "name": "utils.app_utils", "module": "app_utils", "funcName": "read_data", "lineno": 25, "message": "data read successfully.."}
{"asctime": "2023-12-31T19:34:52Z", "levelname": "INFO", "name": "app.fileProcessor", "module": "fileProcessor", "funcName": "process_file", "lineno": 61, "message": "data/input.txt : File processing successful..!"}
{"asctime": "2024-01-23T20:24:27Z", "levelname": "INFO", "name": "utils.log_utils", "module": "log_utils", "funcName": "configure_logging", "lineno": 45, "message": "Logging configured."}
{"asctime": "2024-01-23T20:24:27Z", "levelname": "INFO", "name": "app.fileProcessor", "module": "fileProcessor", "funcName": "process_file", "lineno": 57, "message": "file processing ..: data/input.txt"}
{"asctime": "2024-01-23T20:24:27Z", "levelname": "INFO", "name": "utils.app_utils", "module": "app_utils", "funcName": "read_data", "lineno": 25, "message": "data read successfully.."}
{"asctime": "2024-01-23T20:24:27Z", "levelname": "INFO", "name": "app.fileProcessor", "module": "fileProcessor", "funcName": "process_file", "lineno": 61, "message": "data/input.txt : File processing successful..!"}
{"asctime": "2024-02-03T20:32:26Z", "levelname": "INFO", "name": "demo_project.app.utils.log_utils", "module": "log_utils", "funcName": "configure_logging", "lineno": 45, "message": "Logging configured."}
{"asctime": "2024-02-03T20:32:26Z", "levelname": "INFO", "name": "demo_project.app.utils.log_utils", "module": "log_utils", "funcName": "configure_logging", "lineno": 45, "message": "Logging configured."}
{"asctime": "2024-02-03T20:32:59Z", "levelname": "INFO", "name": "demo_project.app.utils.log_utils", "module": "log_utils", "funcName": "configure_logging", "lineno": 45, "message": "Logging configured."}
{"asctime": "2024-02-03T20:32:59Z", "levelname": "INFO", "name": "demo_project.app.utils.log_utils", "module": "log_utils", "funcName": "configure_logging", "lineno": 45, "message": "Logging configured."}
{"asctime": "2024-02-03T20:34:29Z", "levelname": "INFO", "name": "demo_project.app.utils.log_utils", "module": "log_utils", "funcName": "configure_logging", "lineno": 45, "message": "Logging configured."}
{"asctime": "2024-02-03T20:34:29Z", "levelname": "INFO", "name": "demo_project.app.utils.log_utils", "module": "log_utils", "funcName": "configure_logging", "lineno": 45, "message": "Logging configured."}
{"asctime": "2024-02-03T20:35:19Z", "levelname": "INFO", "name": "demo_project.app.utils.log_utils", "module": "log_utils", "funcName": "configure_logging", "lineno": 45, "message": "Logging configured."}
{"asctime": "2024-02-03T20:35:19Z", "levelname": "INFO", "name": "demo_project.app.utils.log_utils", "module": "log_utils", "funcName": "configure_logging", "lineno": 45, "message": "Logging configured."}
{"asctime": "2024-02-03T20:35:19Z", "levelname": "INFO", "name": "demo_project.app.fileProcessor", "module": "fileProcessor", "funcName": "process_file", "lineno": 53, "message": "['C:\\\\Users\\\\rosha\\\\PycharmProjects\\\\demo-project\\\\demo_project', 'C:\\\\Users\\\\rosha\\\\PycharmProjects\\\\demo-project', 'C:\\\\Users\\\\rosha\\\\AppData\\\\Local\\\\Programs\\\\Python\\\\Python38', 'c:\\\\users\\\\rosha\\\\appdata\\\\local\\\\programs\\\\python\\\\python38\\\\python38.zip', 'c:\\\\users\\\\rosha\\\\appdata\\\\local\\\\programs\\\\python\\\\python38\\\\DLLs', 'c:\\\\users\\\\rosha\\\\appdata\\\\local\\\\programs\\\\python\\\\python38\\\\lib', 'C:\\\\Users\\\\rosha\\\\test-python-38', 'C:\\\\Users\\\\rosha\\\\test-python-38\\\\lib\\\\site-packages']"}
{"asctime": "2024-02-03T20:37:54Z", "levelname": "INFO", "name": "demo_project.app.utils.log_utils", "module": "log_utils", "funcName": "configure_logging", "lineno": 45, "message": "Logging configured."}
{"asctime": "2024-02-03T20:37:54Z", "levelname": "INFO", "name": "demo_project.app.utils.log_utils", "module": "log_utils", "funcName": "configure_logging", "lineno": 45, "message": "Logging configured."}
{"asctime": "2024-02-03T20:37:54Z", "levelname": "INFO", "name": "demo_project.app.fileProcessor", "module": "fileProcessor", "funcName": "process_file", "lineno": 55, "message": "C:\\Users\\rosha\\PycharmProjects\\demo-project\\demo_project\\app"}
{"asctime": "2024-02-03T20:43:57Z", "levelname": "INFO", "name": "demo_project.app.utils.log_utils", "module": "log_utils", "funcName": "configure_logging", "lineno": 45, "message": "Logging configured."}
{"asctime": "2024-02-03T20:43:57Z", "levelname": "INFO", "name": "demo_project.app.utils.log_utils", "module": "log_utils", "funcName": "configure_logging", "lineno": 45, "message": "Logging configured."}
{"asctime": "2024-02-03T20:43:57Z", "levelname": "INFO", "name": "demo_project.app.fileProcessor", "module": "fileProcessor", "funcName": "process_file", "lineno": 55, "message": "C:\\Users\\rosha\\PycharmProjects\\demo-project\\demo_project\\app"}
{"asctime": "2024-02-03T20:43:57Z", "levelname": "INFO", "name": "demo_project.app.fileProcessor", "module": "fileProcessor", "funcName": "process_file", "lineno": 60, "message": "file processing ..: C:\\Users\\rosha\\PycharmProjects\\demo-project\\demo_project\\app\\../../data\\input.txt"}
{"asctime": "2024-02-03T20:43:57Z", "levelname": "INFO", "name": "demo_project.app.utils.app_utils", "module": "app_utils", "funcName": "read_data", "lineno": 126, "message": "data read successfully.."}
{"asctime": "2024-02-03T20:43:57Z", "levelname": "INFO", "name": "demo_project.app.utils.app_utils", "module": "app_utils", "funcName": "read_data", "lineno": 126, "message": "data read successfully.."}
{"asctime": "2024-02-03T20:43:57Z", "levelname": "ERROR", "name": "demo_project.app.utils.app_utils", "module": "app_utils", "funcName": "save_data", "lineno": 158, "message": "Error saving data to file: [Errno 2] No such file or directory: 'data/output.txt'"}
{"asctime": "2024-02-03T20:43:57Z", "levelname": "ERROR", "name": "demo_project.app.utils.app_utils", "module": "app_utils", "funcName": "save_data", "lineno": 158, "message": "Error saving data to file: [Errno 2] No such file or directory: 'data/output.txt'"}
{"asctime": "2024-02-03T20:43:57Z", "levelname": "ERROR", "name": "demo_project.app.fileProcessor", "module": "fileProcessor", "funcName": "process_file", "lineno": 67, "message": "Custom Exception caught: app_utils::save_data(): FileNotFoundError - [Errno 2] No such file or directory: 'data/output.txt' [Line No 150]"}
{"asctime": "2024-02-03T20:48:04Z", "levelname": "INFO", "name": "demo_project.app.utils.log_utils", "module": "log_utils", "funcName": "configure_logging", "lineno": 45, "message": "Logging configured."}
{"asctime": "2024-02-03T20:48:04Z", "levelname": "INFO", "name": "demo_project.app.utils.log_utils", "module": "log_utils", "funcName": "configure_logging", "lineno": 45, "message": "Logging configured."}
{"asctime": "2024-02-03T20:48:04Z", "levelname": "INFO", "name": "demo_project.app.fileProcessor", "module": "fileProcessor", "funcName": "process_file", "lineno": 59, "message": "file processing ..: C:\\Users\\rosha\\PycharmProjects\\demo-project\\demo_project\\app\\../../data\\input.txt"}
{"asctime": "2024-02-03T20:48:04Z", "levelname": "INFO", "name": "demo_project.app.utils.app_utils", "module": "app_utils", "funcName": "read_data", "lineno": 126, "message": "data read successfully.."}
{"asctime": "2024-02-03T20:48:04Z", "levelname": "INFO", "name": "demo_project.app.utils.app_utils", "module": "app_utils", "funcName": "read_data", "lineno": 126, "message": "data read successfully.."}
{"asctime": "2024-02-03T20:48:04Z", "levelname": "ERROR", "name": "demo_project.app.utils.app_utils", "module": "app_utils", "funcName": "save_data", "lineno": 158, "message": "Error saving data to file: [Errno 2] No such file or directory: 'data/output.txt'"}
{"asctime": "2024-02-03T20:48:04Z", "levelname": "ERROR", "name": "demo_project.app.utils.app_utils", "module": "app_utils", "funcName": "save_data", "lineno": 158, "message": "Error saving data to file: [Errno 2] No such file or directory: 'data/output.txt'"}
{"asctime": "2024-02-03T20:48:04Z", "levelname": "ERROR", "name": "demo_project.app.fileProcessor", "module": "fileProcessor", "funcName": "process_file", "lineno": 66, "message": "Custom Exception caught: app_utils::save_data(): FileNotFoundError - [Errno 2] No such file or directory: 'data/output.txt' [Line No 150]"}
{"asctime": "2024-02-03T20:48:57Z", "levelname": "INFO", "name": "demo_project.app.utils.log_utils", "module": "log_utils", "funcName": "configure_logging", "lineno": 45, "message": "Logging configured."}
{"asctime": "2024-02-03T20:48:57Z", "levelname": "INFO", "name": "demo_project.app.utils.log_utils", "module": "log_utils", "funcName": "configure_logging", "lineno": 45, "message": "Logging configured."}
{"asctime": "2024-02-03T20:49:12Z", "levelname": "INFO", "name": "demo_project.app.utils.log_utils", "module": "log_utils", "funcName": "configure_logging", "lineno": 45, "message": "Logging configured."}
{"asctime": "2024-02-03T20:49:12Z", "levelname": "INFO", "name": "demo_project.app.utils.log_utils", "module": "log_utils", "funcName": "configure_logging", "lineno": 45, "message": "Logging configured."}
{"asctime": "2024-02-03T20:49:39Z", "levelname": "INFO", "name": "demo_project.app.utils.log_utils", "module": "log_utils", "funcName": "configure_logging", "lineno": 45, "message": "Logging configured."}
{"asctime": "2024-02-03T20:49:39Z", "levelname": "INFO", "name": "demo_project.app.utils.log_utils", "module": "log_utils", "funcName": "configure_logging", "lineno": 45, "message": "Logging configured."}
{"asctime": "2024-02-03T20:49:39Z", "levelname": "INFO", "name": "demo_project.app.fileProcessor", "module": "fileProcessor", "funcName": "process_file", "lineno": 59, "message": "file processing ..: C:\\Users\\rosha\\PycharmProjects\\demo-project\\demo_project\\app\\../../data\\input.txt"}
{"asctime": "2024-02-03T20:49:39Z", "levelname": "INFO", "name": "demo_project.app.utils.app_utils", "module": "app_utils", "funcName": "read_data", "lineno": 126, "message": "data read successfully.."}
{"asctime": "2024-02-03T20:49:39Z", "levelname": "INFO", "name": "demo_project.app.utils.app_utils", "module": "app_utils", "funcName": "read_data", "lineno": 126, "message": "data read successfully.."}
{"asctime": "2024-02-03T20:49:39Z", "levelname": "ERROR", "name": "demo_project.app.utils.app_utils", "module": "app_utils", "funcName": "save_data", "lineno": 158, "message": "Error saving data to file: [Errno 2] No such file or directory: '../../data/output.txt'"}
{"asctime": "2024-02-03T20:49:39Z", "levelname": "ERROR", "name": "demo_project.app.utils.app_utils", "module": "app_utils", "funcName": "save_data", "lineno": 158, "message": "Error saving data to file: [Errno 2] No such file or directory: '../../data/output.txt'"}
{"asctime": "2024-02-03T20:49:39Z", "levelname": "ERROR", "name": "demo_project.app.fileProcessor", "module": "fileProcessor", "funcName": "process_file", "lineno": 66, "message": "Custom Exception caught: app_utils::save_data(): FileNotFoundError - [Errno 2] No such file or directory: '../../data/output.txt' [Line No 150]"}
{"asctime": "2024-02-03T20:54:01Z", "levelname": "INFO", "name": "demo_project.app.utils.log_utils", "module": "log_utils", "funcName": "configure_logging", "lineno": 45, "message": "Logging configured."}
{"asctime": "2024-02-03T20:54:01Z", "levelname": "INFO", "name": "demo_project.app.utils.log_utils", "module": "log_utils", "funcName": "configure_logging", "lineno": 45, "message": "Logging configured."}
{"asctime": "2024-02-03T20:54:01Z", "levelname": "INFO", "name": "demo_project.app.fileProcessor", "module": "fileProcessor", "funcName": "process_file", "lineno": 60, "message": "file processing ..: C:\\Users\\rosha\\PycharmProjects\\demo-project\\demo_project\\app\\../../data\\input.txt"}
{"asctime": "2024-02-03T20:54:01Z", "levelname": "INFO", "name": "demo_project.app.utils.app_utils", "module": "app_utils", "funcName": "read_data", "lineno": 126, "message": "data read successfully.."}
{"asctime": "2024-02-03T20:54:01Z", "levelname": "INFO", "name": "demo_project.app.utils.app_utils", "module": "app_utils", "funcName": "read_data", "lineno": 126, "message": "data read successfully.."}
{"asctime": "2024-02-03T20:54:01Z", "levelname": "ERROR", "name": "demo_project.app.utils.app_utils", "module": "app_utils", "funcName": "save_data", "lineno": 158, "message": "Error saving data to file: [Errno 2] No such file or directory: '../../data/output.txt'"}
{"asctime": "2024-02-03T20:54:01Z", "levelname": "ERROR", "name": "demo_project.app.utils.app_utils", "module": "app_utils", "funcName": "save_data", "lineno": 158, "message": "Error saving data to file: [Errno 2] No such file or directory: '../../data/output.txt'"}
{"asctime": "2024-02-03T20:54:01Z", "levelname": "ERROR", "name": "demo_project.app.fileProcessor", "module": "fileProcessor", "funcName": "process_file", "lineno": 67, "message": "Custom Exception caught: app_utils::save_data(): FileNotFoundError - [Errno 2] No such file or directory: '../../data/output.txt' [Line No 150]"}
{"asctime": "2024-02-03T20:57:48Z", "levelname": "INFO", "name": "demo_project.app.utils.log_utils", "module": "log_utils", "funcName": "configure_logging", "lineno": 45, "message": "Logging configured."}
{"asctime": "2024-02-03T20:57:48Z", "levelname": "INFO", "name": "demo_project.app.utils.log_utils", "module": "log_utils", "funcName": "configure_logging", "lineno": 45, "message": "Logging configured."}
{"asctime": "2024-02-03T20:57:48Z", "levelname": "INFO", "name": "demo_project.app.fileProcessor", "module": "fileProcessor", "funcName": "process_file", "lineno": 60, "message": "file processing ..: C:\\Users\\rosha\\PycharmProjects\\demo-project\\demo_project\\app\\../../data\\input.txt"}
{"asctime": "2024-02-03T20:57:48Z", "levelname": "INFO", "name": "demo_project.app.utils.app_utils", "module": "app_utils", "funcName": "read_data", "lineno": 126, "message": "data read successfully.."}
{"asctime": "2024-02-03T20:57:48Z", "levelname": "INFO", "name": "demo_project.app.utils.app_utils", "module": "app_utils", "funcName": "read_data", "lineno": 126, "message": "data read successfully.."}
{"asctime": "2024-02-03T20:57:48Z", "levelname": "ERROR", "name": "demo_project.app.utils.app_utils", "module": "app_utils", "funcName": "save_data", "lineno": 158, "message": "Error saving data to file: [Errno 2] No such file or directory: '../../data/output.txt'"}
{"asctime": "2024-02-03T20:57:48Z", "levelname": "ERROR", "name": "demo_project.app.utils.app_utils", "module": "app_utils", "funcName": "save_data", "lineno": 158, "message": "Error saving data to file: [Errno 2] No such file or directory: '../../data/output.txt'"}
{"asctime": "2024-02-03T20:57:48Z", "levelname": "ERROR", "name": "demo_project.app.fileProcessor", "module": "fileProcessor", "funcName": "process_file", "lineno": 68, "message": "Custom Exception caught: app_utils::save_data(): FileNotFoundError - [Errno 2] No such file or directory: '../../data/output.txt' [Line No 150]"}
{"asctime": "2024-02-03T20:58:27Z", "levelname": "INFO", "name": "demo_project.app.utils.log_utils", "module": "log_utils", "funcName": "configure_logging", "lineno": 45, "message": "Logging configured."}
{"asctime": "2024-02-03T20:58:27Z", "levelname": "INFO", "name": "demo_project.app.utils.log_utils", "module": "log_utils", "funcName": "configure_logging", "lineno": 45, "message": "Logging configured."}
{"asctime": "2024-02-03T20:58:27Z", "levelname": "INFO", "name": "demo_project.app.fileProcessor", "module": "fileProcessor", "funcName": "process_file", "lineno": 61, "message": "file processing ..: C:\\Users\\rosha\\PycharmProjects\\demo-project\\demo_project\\app\\../../data\\input.txt"}
{"asctime": "2024-02-03T20:58:27Z", "levelname": "INFO", "name": "demo_project.app.utils.app_utils", "module": "app_utils", "funcName": "read_data", "lineno": 126, "message": "data read successfully.."}
{"asctime": "2024-02-03T20:58:27Z", "levelname": "INFO", "name": "demo_project.app.utils.app_utils", "module": "app_utils", "funcName": "read_data", "lineno": 126, "message": "data read successfully.."}
{"asctime": "2024-02-03T20:58:27Z", "levelname": "INFO", "name": "demo_project.app.fileProcessor", "module": "fileProcessor", "funcName": "process_file", "lineno": 66, "message": "C:\\Users\\rosha\\PycharmProjects\\demo-project\\demo_project\\app\\../../data\\input.txt : File processing successful..!"}
{"asctime": "2024-02-03T20:58:27Z", "levelname": "INFO", "name": "demo_project.app.fileProcessor", "module": "fileProcessor", "funcName": "process_file", "lineno": 61, "message": "file processing ..: C:\\Users\\rosha\\PycharmProjects\\demo-project\\demo_project\\app\\../../data\\output.txt"}
{"asctime": "2024-02-03T20:58:27Z", "levelname": "INFO", "name": "demo_project.app.utils.app_utils", "module": "app_utils", "funcName": "read_data", "lineno": 126, "message": "data read successfully.."}
{"asctime": "2024-02-03T20:58:27Z", "levelname": "INFO", "name": "demo_project.app.utils.app_utils", "module": "app_utils", "funcName": "read_data", "lineno": 126, "message": "data read successfully.."}
{"asctime": "2024-02-03T20:58:27Z", "levelname": "INFO", "name": "demo_project.app.fileProcessor", "module": "fileProcessor", "funcName": "process_file", "lineno": 66, "message": "C:\\Users\\rosha\\PycharmProjects\\demo-project\\demo_project\\app\\../../data\\output.txt : File processing successful..!"}
{"asctime": "2024-02-03T20:59:58Z", "levelname": "INFO", "name": "demo_project.app.utils.log_utils", "module": "log_utils", "funcName": "configure_logging", "lineno": 45, "message": "Logging configured."}
{"asctime": "2024-02-03T20:59:58Z", "levelname": "INFO", "name": "demo_project.app.utils.log_utils", "module": "log_utils", "funcName": "configure_logging", "lineno": 45, "message": "Logging configured."}
{"asctime": "2024-02-03T20:59:58Z", "levelname": "INFO", "name": "demo_project.app.fileProcessor", "module": "fileProcessor", "funcName": "process_file", "lineno": 60, "message": "file processing ..: C:\\Users\\rosha\\PycharmProjects\\demo-project\\demo_project\\app\\../../data\\input.txt"}
{"asctime": "2024-02-03T20:59:58Z", "levelname": "INFO", "name": "demo_project.app.utils.app_utils", "module": "app_utils", "funcName": "read_data", "lineno": 126, "message": "data read successfully.."}
{"asctime": "2024-02-03T20:59:58Z", "levelname": "INFO", "name": "demo_project.app.utils.app_utils", "module": "app_utils", "funcName": "read_data", "lineno": 126, "message": "data read successfully.."}
{"asctime": "2024-02-03T20:59:58Z", "levelname": "INFO", "name": "demo_project.app.utils.app_utils", "module": "app_utils", "funcName": "save_data", "lineno": 152, "message": "data written successfully.."}
{"asctime": "2024-02-03T20:59:58Z", "levelname": "INFO", "name": "demo_project.app.utils.app_utils", "module": "app_utils", "funcName": "save_data", "lineno": 152, "message": "data written successfully.."}
{"asctime": "2024-02-03T20:59:58Z", "levelname": "INFO", "name": "demo_project.app.fileProcessor", "module": "fileProcessor", "funcName": "process_file", "lineno": 64, "message": "C:\\Users\\rosha\\PycharmProjects\\demo-project\\demo_project\\app\\../../data\\input.txt : File processing successful..!"}
{"asctime": "2024-02-03T20:59:58Z", "levelname": "INFO", "name": "demo_project.app.fileProcessor", "module": "fileProcessor", "funcName": "process_file", "lineno": 60, "message": "file processing ..: C:\\Users\\rosha\\PycharmProjects\\demo-project\\demo_project\\app\\../../data\\output.txt"}
{"asctime": "2024-02-03T20:59:58Z", "levelname": "INFO", "name": "demo_project.app.utils.app_utils", "module": "app_utils", "funcName": "read_data", "lineno": 126, "message": "data read successfully.."}
{"asctime": "2024-02-03T20:59:58Z", "levelname": "INFO", "name": "demo_project.app.utils.app_utils", "module": "app_utils", "funcName": "read_data", "lineno": 126, "message": "data read successfully.."}
{"asctime": "2024-02-03T20:59:58Z", "levelname": "INFO", "name": "demo_project.app.utils.app_utils", "module": "app_utils", "funcName": "save_data", "lineno": 152, "message": "data written successfully.."}
{"asctime": "2024-02-03T20:59:58Z", "levelname": "INFO", "name": "demo_project.app.utils.app_utils", "module": "app_utils", "funcName": "save_data", "lineno": 152, "message": "data written successfully.."}
{"asctime": "2024-02-03T20:59:58Z", "levelname": "INFO", "name": "demo_project.app.fileProcessor", "module": "fileProcessor", "funcName": "process_file", "lineno": 64, "message": "C:\\Users\\rosha\\PycharmProjects\\demo-project\\demo_project\\app\\../../data\\output.txt : File processing successful..!"}
{"asctime": "2024-02-03T21:04:21Z", "levelname": "INFO", "name": "demo_project.app.utils.log_utils", "module": "log_utils", "funcName": "configure_logging", "lineno": 45, "message": "Logging configured."}
{"asctime": "2024-02-03T21:04:21Z", "levelname": "INFO", "name": "demo_project.app.utils.log_utils", "module": "log_utils", "funcName": "configure_logging", "lineno": 45, "message": "Logging configured."}
{"asctime": "2024-02-03T21:04:21Z", "levelname": "INFO", "name": "demo_project.app.fileProcessor", "module": "fileProcessor", "funcName": "process_file", "lineno": 61, "message": "file processing ..: C:\\Users\\rosha\\PycharmProjects\\demo-project\\demo_project\\app\\../../data\\input.txt"}
{"asctime": "2024-02-03T21:04:21Z", "levelname": "INFO", "name": "demo_project.app.utils.app_utils", "module": "app_utils", "funcName": "read_data", "lineno": 126, "message": "data read successfully.."}
{"asctime": "2024-02-03T21:04:21Z", "levelname": "INFO", "name": "demo_project.app.utils.app_utils", "module": "app_utils", "funcName": "read_data", "lineno": 126, "message": "data read successfully.."}
{"asctime": "2024-02-03T21:04:21Z", "levelname": "INFO", "name": "demo_project.app.utils.app_utils", "module": "app_utils", "funcName": "save_data", "lineno": 152, "message": "data written successfully.."}
{"asctime": "2024-02-03T21:04:21Z", "levelname": "INFO", "name": "demo_project.app.utils.app_utils", "module": "app_utils", "funcName": "save_data", "lineno": 152, "message": "data written successfully.."}
{"asctime": "2024-02-03T21:04:21Z", "levelname": "INFO", "name": "demo_project.app.fileProcessor", "module": "fileProcessor", "funcName": "process_file", "lineno": 65, "message": "C:\\Users\\rosha\\PycharmProjects\\demo-project\\demo_project\\app\\../../data\\input.txt : File processing successful..!"}
{"asctime": "2024-02-03T21:04:21Z", "levelname": "INFO", "name": "demo_project.app.fileProcessor", "module": "fileProcessor", "funcName": "process_file", "lineno": 61, "message": "file processing ..: C:\\Users\\rosha\\PycharmProjects\\demo-project\\demo_project\\app\\../../data\\output.txt"}
{"asctime": "2024-02-03T21:04:21Z", "levelname": "INFO", "name": "demo_project.app.utils.app_utils", "module": "app_utils", "funcName": "read_data", "lineno": 126, "message": "data read successfully.."}
{"asctime": "2024-02-03T21:04:21Z", "levelname": "INFO", "name": "demo_project.app.utils.app_utils", "module": "app_utils", "funcName": "read_data", "lineno": 126, "message": "data read successfully.."}
{"asctime": "2024-02-03T21:04:21Z", "levelname": "INFO", "name": "demo_project.app.utils.app_utils", "module": "app_utils", "funcName": "save_data", "lineno": 152, "message": "data written successfully.."}
{"asctime": "2024-02-03T21:04:21Z", "levelname": "INFO", "name": "demo_project.app.utils.app_utils", "module": "app_utils", "funcName": "save_data", "lineno": 152, "message": "data written successfully.."}
{"asctime": "2024-02-03T21:04:21Z", "levelname": "INFO", "name": "demo_project.app.fileProcessor", "module": "fileProcessor", "funcName": "process_file", "lineno": 65, "message": "C:\\Users\\rosha\\PycharmProjects\\demo-project\\demo_project\\app\\../../data\\output.txt : File processing successful..!"}
{"asctime": "2024-02-03T21:04:45Z", "levelname": "INFO", "name": "demo_project.app.utils.log_utils", "module": "log_utils", "funcName": "configure_logging", "lineno": 45, "message": "Logging configured."}
{"asctime": "2024-02-03T21:04:45Z", "levelname": "INFO", "name": "demo_project.app.utils.log_utils", "module": "log_utils", "funcName": "configure_logging", "lineno": 45, "message": "Logging configured."}
{"asctime": "2024-02-03T21:04:45Z", "levelname": "INFO", "name": "demo_project.app.fileProcessor", "module": "fileProcessor", "funcName": "process_file", "lineno": 62, "message": "file processing ..: C:\\Users\\rosha\\PycharmProjects\\demo-project\\demo_project\\app\\../../data\\input.txt"}
{"asctime": "2024-02-03T21:04:45Z", "levelname": "INFO", "name": "demo_project.app.utils.app_utils", "module": "app_utils", "funcName": "read_data", "lineno": 126, "message": "data read successfully.."}
{"asctime": "2024-02-03T21:04:45Z", "levelname": "INFO", "name": "demo_project.app.utils.app_utils", "module": "app_utils", "funcName": "read_data", "lineno": 126, "message": "data read successfully.."}
{"asctime": "2024-02-03T21:04:45Z", "levelname": "INFO", "name": "demo_project.app.utils.app_utils", "module": "app_utils", "funcName": "save_data", "lineno": 152, "message": "data written successfully.."}
{"asctime": "2024-02-03T21:04:45Z", "levelname": "INFO", "name": "demo_project.app.utils.app_utils", "module": "app_utils", "funcName": "save_data", "lineno": 152, "message": "data written successfully.."}
{"asctime": "2024-02-03T21:04:45Z", "levelname": "INFO", "name": "demo_project.app.fileProcessor", "module": "fileProcessor", "funcName": "process_file", "lineno": 66, "message": "C:\\Users\\rosha\\PycharmProjects\\demo-project\\demo_project\\app\\../../data\\input.txt : File processing successful..!"}
{"asctime": "2024-02-03T21:04:45Z", "levelname": "INFO", "name": "demo_project.app.fileProcessor", "module": "fileProcessor", "funcName": "process_file", "lineno": 62, "message": "file processing ..: C:\\Users\\rosha\\PycharmProjects\\demo-project\\demo_project\\app\\../../data\\output.txt"}
{"asctime": "2024-02-03T21:04:45Z", "levelname": "INFO", "name": "demo_project.app.utils.app_utils", "module": "app_utils", "funcName": "read_data", "lineno": 126, "message": "data read successfully.."}
{"asctime": "2024-02-03T21:04:45Z", "levelname": "INFO", "name": "demo_project.app.utils.app_utils", "module": "app_utils", "funcName": "read_data", "lineno": 126, "message": "data read successfully.."}
{"asctime": "2024-02-03T21:04:45Z", "levelname": "INFO", "name": "demo_project.app.utils.app_utils", "module": "app_utils", "funcName": "save_data", "lineno": 152, "message": "data written successfully.."}
{"asctime": "2024-02-03T21:04:45Z", "levelname": "INFO", "name": "demo_project.app.utils.app_utils", "module": "app_utils", "funcName": "save_data", "lineno": 152, "message": "data written successfully.."}
{"asctime": "2024-02-03T21:04:45Z", "levelname": "INFO", "name": "demo_project.app.fileProcessor", "module": "fileProcessor", "funcName": "process_file", "lineno": 66, "message": "C:\\Users\\rosha\\PycharmProjects\\demo-project\\demo_project\\app\\../../data\\output.txt : File processing successful..!"}
{"asctime": "2024-02-03T21:06:58Z", "levelname": "INFO", "name": "demo_project.app.utils.log_utils", "module": "log_utils", "funcName": "configure_logging", "lineno": 45, "message": "Logging configured."}
{"asctime": "2024-02-03T21:06:58Z", "levelname": "INFO", "name": "demo_project.app.utils.log_utils", "module": "log_utils", "funcName": "configure_logging", "lineno": 45, "message": "Logging configured."}
{"asctime": "2024-02-03T21:07:20Z", "levelname": "INFO", "name": "demo_project.app.utils.log_utils", "module": "log_utils", "funcName": "configure_logging", "lineno": 45, "message": "Logging configured."}
{"asctime": "2024-02-03T21:07:20Z", "levelname": "INFO", "name": "demo_project.app.utils.log_utils", "module": "log_utils", "funcName": "configure_logging", "lineno": 45, "message": "Logging configured."}
{"asctime": "2024-02-03T21:07:20Z", "levelname": "INFO", "name": "demo_project.app.fileProcessor", "module": "fileProcessor", "funcName": "process_file", "lineno": 62, "message": "file processing ..: ../data\\input.txt"}
{"asctime": "2024-02-03T21:07:20Z", "levelname": "INFO", "name": "demo_project.app.utils.app_utils", "module": "app_utils", "funcName": "read_data", "lineno": 126, "message": "data read successfully.."}
{"asctime": "2024-02-03T21:07:20Z", "levelname": "INFO", "name": "demo_project.app.utils.app_utils", "module": "app_utils", "funcName": "read_data", "lineno": 126, "message": "data read successfully.."}
{"asctime": "2024-02-03T21:07:20Z", "levelname": "ERROR", "name": "demo_project.app.utils.app_utils", "module": "app_utils", "funcName": "save_data", "lineno": 159, "message": "Error saving data to file: [Errno 2] No such file or directory: '../../data/output.txt'"}
{"asctime": "2024-02-03T21:07:20Z", "levelname": "ERROR", "name": "demo_project.app.utils.app_utils", "module": "app_utils", "funcName": "save_data", "lineno": 159, "message": "Error saving data to file: [Errno 2] No such file or directory: '../../data/output.txt'"}
{"asctime": "2024-02-03T21:07:20Z", "levelname": "ERROR", "name": "demo_project.app.fileProcessor", "module": "fileProcessor", "funcName": "process_file", "lineno": 69, "message": "Custom Exception caught: app_utils::save_data(): FileNotFoundError - [Errno 2] No such file or directory: '../../data/output.txt' [Line No 150]"}
{"asctime": "2024-02-03T21:07:45Z", "levelname": "INFO", "name": "demo_project.app.utils.log_utils", "module": "log_utils", "funcName": "configure_logging", "lineno": 45, "message": "Logging configured."}
{"asctime": "2024-02-03T21:07:45Z", "levelname": "INFO", "name": "demo_project.app.utils.log_utils", "module": "log_utils", "funcName": "configure_logging", "lineno": 45, "message": "Logging configured."}
{"asctime": "2024-02-03T21:07:45Z", "levelname": "INFO", "name": "demo_project.app.fileProcessor", "module": "fileProcessor", "funcName": "process_file", "lineno": 62, "message": "file processing ..: ../data\\input.txt"}
{"asctime": "2024-02-03T21:07:45Z", "levelname": "INFO", "name": "demo_project.app.utils.app_utils", "module": "app_utils", "funcName": "read_data", "lineno": 126, "message": "data read successfully.."}
{"asctime": "2024-02-03T21:07:45Z", "levelname": "INFO", "name": "demo_project.app.utils.app_utils", "module": "app_utils", "funcName": "read_data", "lineno": 126, "message": "data read successfully.."}
{"asctime": "2024-02-03T21:07:45Z", "levelname": "INFO", "name": "demo_project.app.utils.app_utils", "module": "app_utils", "funcName": "save_data", "lineno": 152, "message": "data written successfully.."}
{"asctime": "2024-02-03T21:07:45Z", "levelname": "INFO", "name": "demo_project.app.utils.app_utils", "module": "app_utils", "funcName": "save_data", "lineno": 152, "message": "data written successfully.."}
{"asctime": "2024-02-03T21:07:45Z", "levelname": "INFO", "name": "demo_project.app.fileProcessor", "module": "fileProcessor", "funcName": "process_file", "lineno": 66, "message": "../data\\input.txt : File processing successful..!"}
{"asctime": "2024-02-03T21:07:45Z", "levelname": "INFO", "name": "demo_project.app.fileProcessor", "module": "fileProcessor", "funcName": "process_file", "lineno": 62, "message": "file processing ..: ../data\\output.txt"}
{"asctime": "2024-02-03T21:07:45Z", "levelname": "INFO", "name": "demo_project.app.utils.app_utils", "module": "app_utils", "funcName": "read_data", "lineno": 126, "message": "data read successfully.."}
{"asctime": "2024-02-03T21:07:45Z", "levelname": "INFO", "name": "demo_project.app.utils.app_utils", "module": "app_utils", "funcName": "read_data", "lineno": 126, "message": "data read successfully.."}
{"asctime": "2024-02-03T21:07:45Z", "levelname": "INFO", "name": "demo_project.app.utils.app_utils", "module": "app_utils", "funcName": "save_data", "lineno": 152, "message": "data written successfully.."}
{"asctime": "2024-02-03T21:07:45Z", "levelname": "INFO", "name": "demo_project.app.utils.app_utils", "module": "app_utils", "funcName": "save_data", "lineno": 152, "message": "data written successfully.."}
{"asctime": "2024-02-03T21:07:45Z", "levelname": "INFO", "name": "demo_project.app.fileProcessor", "module": "fileProcessor", "funcName": "process_file", "lineno": 66, "message": "../data\\output.txt : File processing successful..!"}
{"asctime": "2024-02-03T21:10:14Z", "levelname": "INFO", "name": "demo_project.app.utils.log_utils", "module": "log_utils", "funcName": "configure_logging", "lineno": 45, "message": "Logging configured."}
{"asctime": "2024-02-03T21:10:14Z", "levelname": "INFO", "name": "demo_project.app.utils.log_utils", "module": "log_utils", "funcName": "configure_logging", "lineno": 45, "message": "Logging configured."}
{"asctime": "2024-02-03T21:10:14Z", "levelname": "INFO", "name": "demo_project.app.fileProcessor", "module": "fileProcessor", "funcName": "process_file", "lineno": 62, "message": "file processing ..: ../data\\input.txt"}
{"asctime": "2024-02-03T21:10:14Z", "levelname": "INFO", "name": "demo_project.app.utils.app_utils", "module": "app_utils", "funcName": "read_data", "lineno": 127, "message": "data read successfully.."}
{"asctime": "2024-02-03T21:10:14Z", "levelname": "INFO", "name": "demo_project.app.utils.app_utils", "module": "app_utils", "funcName": "read_data", "lineno": 127, "message": "data read successfully.."}
{"asctime": "2024-02-03T21:10:14Z", "levelname": "INFO", "name": "demo_project.app.utils.app_utils", "module": "app_utils", "funcName": "save_data", "lineno": 153, "message": "data written successfully.."}
{"asctime": "2024-02-03T21:10:14Z", "levelname": "INFO", "name": "demo_project.app.utils.app_utils", "module": "app_utils", "funcName": "save_data", "lineno": 153, "message": "data written successfully.."}
{"asctime": "2024-02-03T21:10:14Z", "levelname": "INFO", "name": "demo_project.app.fileProcessor", "module": "fileProcessor", "funcName": "process_file", "lineno": 66, "message": "../data\\input.txt : File processing successful..!"}
{"asctime": "2024-02-03T21:10:14Z", "levelname": "INFO", "name": "demo_project.app.fileProcessor", "module": "fileProcessor", "funcName": "process_file", "lineno": 62, "message": "file processing ..: ../data\\output.txt"}
{"asctime": "2024-02-03T21:10:14Z", "levelname": "INFO", "name": "demo_project.app.utils.app_utils", "module": "app_utils", "funcName": "read_data", "lineno": 127, "message": "data read successfully.."}
{"asctime": "2024-02-03T21:10:14Z", "levelname": "INFO", "name": "demo_project.app.utils.app_utils", "module": "app_utils", "funcName": "read_data", "lineno": 127, "message": "data read successfully.."}
{"asctime": "2024-02-03T21:10:14Z", "levelname": "INFO", "name": "demo_project.app.utils.app_utils", "module": "app_utils", "funcName": "save_data", "lineno": 153, "message": "data written successfully.."}
{"asctime": "2024-02-03T21:10:14Z", "levelname": "INFO", "name": "demo_project.app.utils.app_utils", "module": "app_utils", "funcName": "save_data", "lineno": 153, "message": "data written successfully.."}
{"asctime": "2024-02-03T21:10:14Z", "levelname": "INFO", "name": "demo_project.app.fileProcessor", "module": "fileProcessor", "funcName": "process_file", "lineno": 66, "message": "../data\\output.txt : File processing successful..!"}
{"asctime": "2024-02-03T21:10:43Z", "levelname": "INFO", "name": "demo_project.app.utils.log_utils", "module": "log_utils", "funcName": "configure_logging", "lineno": 45, "message": "Logging configured."}
{"asctime": "2024-02-03T21:10:43Z", "levelname": "INFO", "name": "demo_project.app.utils.log_utils", "module": "log_utils", "funcName": "configure_logging", "lineno": 45, "message": "Logging configured."}
{"asctime": "2024-02-03T21:10:43Z", "levelname": "INFO", "name": "demo_project.app.fileProcessor", "module": "fileProcessor", "funcName": "process_file", "lineno": 62, "message": "file processing ..: ../data\\input.txt"}
{"asctime": "2024-02-03T21:10:43Z", "levelname": "INFO", "name": "demo_project.app.utils.app_utils", "module": "app_utils", "funcName": "read_data", "lineno": 126, "message": "Hi"}
{"asctime": "2024-02-03T21:10:43Z", "levelname": "INFO", "name": "demo_project.app.utils.app_utils", "module": "app_utils", "funcName": "read_data", "lineno": 126, "message": "Hi"}
{"asctime": "2024-02-03T21:10:43Z", "levelname": "INFO", "name": "demo_project.app.utils.app_utils", "module": "app_utils", "funcName": "read_data", "lineno": 127, "message": "data read successfully.."}
{"asctime": "2024-02-03T21:10:43Z", "levelname": "INFO", "name": "demo_project.app.utils.app_utils", "module": "app_utils", "funcName": "read_data", "lineno": 127, "message": "data read successfully.."}
{"asctime": "2024-02-03T21:10:43Z", "levelname": "INFO", "name": "demo_project.app.utils.app_utils", "module": "app_utils", "funcName": "save_data", "lineno": 153, "message": "data written successfully.."}
{"asctime": "2024-02-03T21:10:43Z", "levelname": "INFO", "name": "demo_project.app.utils.app_utils", "module": "app_utils", "funcName": "save_data", "lineno": 153, "message": "data written successfully.."}
{"asctime": "2024-02-03T21:10:43Z", "levelname": "INFO", "name": "demo_project.app.fileProcessor", "module": "fileProcessor", "funcName": "process_file", "lineno": 66, "message": "../data\\input.txt : File processing successful..!"}
{"asctime": "2024-02-03T21:10:43Z", "levelname": "INFO", "name": "demo_project.app.fileProcessor", "module": "fileProcessor", "funcName": "process_file", "lineno": 62, "message": "file processing ..: ../data\\output.txt"}
{"asctime": "2024-02-03T21:10:43Z", "levelname": "INFO", "name": "demo_project.app.utils.app_utils", "module": "app_utils", "funcName": "read_data", "lineno": 126, "message": "Hi"}
{"asctime": "2024-02-03T21:10:43Z", "levelname": "INFO", "name": "demo_project.app.utils.app_utils", "module": "app_utils", "funcName": "read_data", "lineno": 126, "message": "Hi"}
{"asctime": "2024-02-03T21:10:43Z", "levelname": "INFO", "name": "demo_project.app.utils.app_utils", "module": "app_utils", "funcName": "read_data", "lineno": 127, "message": "data read successfully.."}
{"asctime": "2024-02-03T21:10:43Z", "levelname": "INFO", "name": "demo_project.app.utils.app_utils", "module": "app_utils", "funcName": "read_data", "lineno": 127, "message": "data read successfully.."}
{"asctime": "2024-02-03T21:10:43Z", "levelname": "INFO", "name": "demo_project.app.utils.app_utils", "module": "app_utils", "funcName": "save_data", "lineno": 153, "message": "data written successfully.."}
{"asctime": "2024-02-03T21:10:43Z", "levelname": "INFO", "name": "demo_project.app.utils.app_utils", "module": "app_utils", "funcName": "save_data", "lineno": 153, "message": "data written successfully.."}
{"asctime": "2024-02-03T21:10:43Z", "levelname": "INFO", "name": "demo_project.app.fileProcessor", "module": "fileProcessor", "funcName": "process_file", "lineno": 66, "message": "../data\\output.txt : File processing successful..!"}
{"asctime": "2024-02-03T21:13:10Z", "levelname": "INFO", "name": "demo_project.app.utils.log_utils", "module": "log_utils", "funcName": "configure_logging", "lineno": 50, "message": "Logging configured."}
{"asctime": "2024-02-03T21:13:10Z", "levelname": "INFO", "name": "demo_project.app.utils.log_utils", "module": "log_utils", "funcName": "configure_logging", "lineno": 50, "message": "Logging configured."}
{"asctime": "2024-02-03T21:13:10Z", "levelname": "INFO", "name": "demo_project.app.fileProcessor", "module": "fileProcessor", "funcName": "process_file", "lineno": 62, "message": "file processing ..: ../data\\input.txt"}
{"asctime": "2024-02-03T21:13:10Z", "levelname": "INFO", "name": "demo_project.app.utils.app_utils", "module": "app_utils", "funcName": "read_data", "lineno": 127, "message": "Hi"}
{"asctime": "2024-02-03T21:13:10Z", "levelname": "INFO", "name": "demo_project.app.utils.app_utils", "module": "app_utils", "funcName": "read_data", "lineno": 127, "message": "Hi"}
{"asctime": "2024-02-03T21:13:10Z", "levelname": "INFO", "name": "demo_project.app.utils.app_utils", "module": "app_utils", "funcName": "read_data", "lineno": 128, "message": "data read successfully.."}
{"asctime": "2024-02-03T21:13:10Z", "levelname": "INFO", "name": "demo_project.app.utils.app_utils", "module": "app_utils", "funcName": "read_data", "lineno": 128, "message": "data read successfully.."}
{"asctime": "2024-02-03T21:13:10Z", "levelname": "INFO", "name": "demo_project.app.utils.app_utils", "module": "app_utils", "funcName": "save_data", "lineno": 154, "message": "data written successfully.."}
{"asctime": "2024-02-03T21:13:10Z", "levelname": "INFO", "name": "demo_project.app.utils.app_utils", "module": "app_utils", "funcName": "save_data", "lineno": 154, "message": "data written successfully.."}
{"asctime": "2024-02-03T21:13:10Z", "levelname": "INFO", "name": "demo_project.app.fileProcessor", "module": "fileProcessor", "funcName": "process_file", "lineno": 66, "message": "../data\\input.txt : File processing successful..!"}
{"asctime": "2024-02-03T21:13:10Z", "levelname": "INFO", "name": "demo_project.app.fileProcessor", "module": "fileProcessor", "funcName": "process_file", "lineno": 62, "message": "file processing ..: ../data\\output.txt"}
{"asctime": "2024-02-03T21:13:10Z", "levelname": "INFO", "name": "demo_project.app.utils.app_utils", "module": "app_utils", "funcName": "read_data", "lineno": 127, "message": "Hi"}
{"asctime": "2024-02-03T21:13:10Z", "levelname": "INFO", "name": "demo_project.app.utils.app_utils", "module": "app_utils", "funcName": "read_data", "lineno": 127, "message": "Hi"}
{"asctime": "2024-02-03T21:13:10Z", "levelname": "INFO", "name": "demo_project.app.utils.app_utils", "module": "app_utils", "funcName": "read_data", "lineno": 128, "message": "data read successfully.."}
{"asctime": "2024-02-03T21:13:10Z", "levelname": "INFO", "name": "demo_project.app.utils.app_utils", "module": "app_utils", "funcName": "read_data", "lineno": 128, "message": "data read successfully.."}
{"asctime": "2024-02-03T21:13:10Z", "levelname": "INFO", "name": "demo_project.app.utils.app_utils", "module": "app_utils", "funcName": "save_data", "lineno": 154, "message": "data written successfully.."}
{"asctime": "2024-02-03T21:13:10Z", "levelname": "INFO", "name": "demo_project.app.utils.app_utils", "module": "app_utils", "funcName": "save_data", "lineno": 154, "message": "data written successfully.."}
{"asctime": "2024-02-03T21:13:10Z", "levelname": "INFO", "name": "demo_project.app.fileProcessor", "module": "fileProcessor", "funcName": "process_file", "lineno": 66, "message": "../data\\output.txt : File processing successful..!"}
{"asctime": "2024-02-03T21:13:51Z", "levelname": "INFO", "name": "demo_project.app.utils.log_utils", "module": "log_utils", "funcName": "configure_logging", "lineno": 50, "message": "Logging configured."}
{"asctime": "2024-02-03T21:13:51Z", "levelname": "INFO", "name": "demo_project.app.utils.log_utils", "module": "log_utils", "funcName": "configure_logging", "lineno": 50, "message": "Logging configured."}
{"asctime": "2024-02-03T21:13:51Z", "levelname": "INFO", "name": "demo_project.app.fileProcessor", "module": "fileProcessor", "funcName": "process_file", "lineno": 62, "message": "file processing ..: ../data\\input.txt"}
{"asctime": "2024-02-03T21:13:51Z", "levelname": "INFO", "name": "demo_project.app.utils.app_utils", "module": "app_utils", "funcName": "read_data", "lineno": 127, "message": "Hi"}
{"asctime": "2024-02-03T21:13:51Z", "levelname": "INFO", "name": "demo_project.app.utils.app_utils", "module": "app_utils", "funcName": "read_data", "lineno": 127, "message": "Hi"}
{"asctime": "2024-02-03T21:13:51Z", "levelname": "INFO", "name": "demo_project.app.utils.app_utils", "module": "app_utils", "funcName": "read_data", "lineno": 128, "message": "data read successfully.."}
{"asctime": "2024-02-03T21:13:51Z", "levelname": "INFO", "name": "demo_project.app.utils.app_utils", "module": "app_utils", "funcName": "read_data", "lineno": 128, "message": "data read successfully.."}
{"asctime": "2024-02-03T21:13:51Z", "levelname": "ERROR", "name": "demo_project.app.fileProcessor", "module": "fileProcessor", "funcName": "process_file", "lineno": 76, "message": "Error : fileProcessor::process_file(): AttributeError - type object 'AppUtils' has no attribute 'logger' [Line No 65]"}
{"asctime": "2024-02-03T21:15:34Z", "levelname": "INFO", "name": "demo_project.app.utils.log_utils", "module": "log_utils", "funcName": "configure_logging", "lineno": 50, "message": "Logging configured."}
{"asctime": "2024-02-03T21:15:34Z", "levelname": "INFO", "name": "demo_project.app.fileProcessor", "module": "fileProcessor", "funcName": "process_file", "lineno": 62, "message": "file processing ..: ../data\\input.txt"}
{"asctime": "2024-02-03T21:15:34Z", "levelname": "INFO", "name": "demo_project.app.utils.app_utils", "module": "app_utils", "funcName": "read_data", "lineno": 127, "message": "Hi"}
{"asctime": "2024-02-03T21:15:34Z", "levelname": "INFO", "name": "demo_project.app.utils.app_utils", "module": "app_utils", "funcName": "read_data", "lineno": 128, "message": "data read successfully.."}
{"asctime": "2024-02-03T21:15:34Z", "levelname": "ERROR", "name": "demo_project.app.fileProcessor", "module": "fileProcessor", "funcName": "process_file", "lineno": 76, "message": "Error : fileProcessor::process_file(): AttributeError - type object 'AppUtils' has no attribute 'logger' [Line No 65]"}
{"asctime": "2024-02-03T21:16:17Z", "levelname": "INFO", "name": "demo_project.app.utils.log_utils", "module": "log_utils", "funcName": "configure_logging", "lineno": 50, "message": "Logging configured."}
{"asctime": "2024-02-03T21:16:17Z", "levelname": "INFO", "name": "demo_project.app.fileProcessor", "module": "fileProcessor", "funcName": "process_file", "lineno": 62, "message": "file processing ..: ../data\\input.txt"}
{"asctime": "2024-02-03T21:16:17Z", "levelname": "INFO", "name": "demo_project.app.utils.app_utils", "module": "app_utils", "funcName": "read_data", "lineno": 126, "message": "data read successfully.."}
{"asctime": "2024-02-03T21:16:17Z", "levelname": "INFO", "name": "demo_project.app.utils.app_utils", "module": "app_utils", "funcName": "save_data", "lineno": 152, "message": "data written successfully.."}
{"asctime": "2024-02-03T21:16:17Z", "levelname": "INFO", "name": "demo_project.app.fileProcessor", "module": "fileProcessor", "funcName": "process_file", "lineno": 66, "message": "../data\\input.txt : File processing successful..!"}
{"asctime": "2024-02-03T21:16:17Z", "levelname": "INFO", "name": "demo_project.app.fileProcessor", "module": "fileProcessor", "funcName": "process_file", "lineno": 62, "message": "file processing ..: ../data\\output.txt"}
{"asctime": "2024-02-03T21:16:17Z", "levelname": "INFO", "name": "demo_project.app.utils.app_utils", "module": "app_utils", "funcName": "read_data", "lineno": 126, "message": "data read successfully.."}
{"asctime": "2024-02-03T21:16:17Z", "levelname": "INFO", "name": "demo_project.app.utils.app_utils", "module": "app_utils", "funcName": "save_data", "lineno": 152, "message": "data written successfully.."}
{"asctime": "2024-02-03T21:16:17Z", "levelname": "INFO", "name": "demo_project.app.fileProcessor", "module": "fileProcessor", "funcName": "process_file", "lineno": 66, "message": "../data\\output.txt : File processing successful..!"}
{"asctime": "2024-02-03T21:17:51Z", "levelname": "INFO", "name": "demo_project.app.utils.log_utils", "module": "log_utils", "funcName": "configure_logging", "lineno": 50, "message": "Logging configured."}
{"asctime": "2024-02-03T21:17:51Z", "levelname": "INFO", "name": "demo_project.app.fileProcessor", "module": "fileProcessor", "funcName": "process_file", "lineno": 62, "message": "file processing ..: input.txt"}
{"asctime": "2024-02-03T21:17:51Z", "levelname": "INFO", "name": "demo_project.app.utils.app_utils", "module": "app_utils", "funcName": "read_data", "lineno": 126, "message": "data read successfully.."}
{"asctime": "2024-02-03T21:17:51Z", "levelname": "INFO", "name": "demo_project.app.utils.app_utils", "module": "app_utils", "funcName": "save_data", "lineno": 152, "message": "data written successfully.."}
{"asctime": "2024-02-03T21:17:51Z", "levelname": "INFO", "name": "demo_project.app.fileProcessor", "module": "fileProcessor", "funcName": "process_file", "lineno": 66, "message": "input.txt : File processing successful..!"}
{"asctime": "2024-02-03T21:17:51Z", "levelname": "INFO", "name": "demo_project.app.fileProcessor", "module": "fileProcessor", "funcName": "process_file", "lineno": 62, "message": "file processing ..: output.txt"}
{"asctime": "2024-02-03T21:17:51Z", "levelname": "INFO", "name": "demo_project.app.utils.app_utils", "module": "app_utils", "funcName": "read_data", "lineno": 126, "message": "data read successfully.."}
{"asctime": "2024-02-03T21:17:51Z", "levelname": "INFO", "name": "demo_project.app.utils.app_utils", "module": "app_utils", "funcName": "save_data", "lineno": 152, "message": "data written successfully.."}
{"asctime": "2024-02-03T21:17:51Z", "levelname": "INFO", "name": "demo_project.app.fileProcessor", "module": "fileProcessor", "funcName": "process_file", "lineno": 66, "message": "output.txt : File processing successful..!"}
{"asctime": "2024-02-03T21:18:27Z", "levelname": "INFO", "name": "demo_project.app.utils.log_utils", "module": "log_utils", "funcName": "configure_logging", "lineno": 50, "message": "Logging configured."}
{"asctime": "2024-02-03T21:18:27Z", "levelname": "INFO", "name": "demo_project.app.fileProcessor", "module": "fileProcessor", "funcName": "process_file", "lineno": 62, "message": "file processing: input.txt"}
{"asctime": "2024-02-03T21:18:27Z", "levelname": "INFO", "name": "demo_project.app.utils.app_utils", "module": "app_utils", "funcName": "read_data", "lineno": 126, "message": "data read successfully.."}
{"asctime": "2024-02-03T21:18:27Z", "levelname": "INFO", "name": "demo_project.app.fileProcessor", "module": "fileProcessor", "funcName": "process_file", "lineno": 66, "message": "input.txt : File processing successful..!"}
{"asctime": "2024-02-03T21:18:27Z", "levelname": "INFO", "name": "demo_project.app.fileProcessor", "module": "fileProcessor", "funcName": "process_file", "lineno": 62, "message": "file processing: output.txt"}
{"asctime": "2024-02-03T21:18:27Z", "levelname": "INFO", "name": "demo_project.app.utils.app_utils", "module": "app_utils", "funcName": "read_data", "lineno": 126, "message": "data read successfully.."}
{"asctime": "2024-02-03T21:18:27Z", "levelname": "INFO", "name": "demo_project.app.fileProcessor", "module": "fileProcessor", "funcName": "process_file", "lineno": 66, "message": "output.txt : File processing successful..!"}
{"asctime": "2024-02-03T21:19:51Z", "levelname": "INFO", "name": "demo_project.app.utils.log_utils", "module": "log_utils", "funcName": "configure_logging", "lineno": 50, "message": "Logging configured."}
{"asctime": "2024-02-03T21:19:51Z", "levelname": "INFO", "name": "demo_project.app.fileProcessor", "module": "fileProcessor", "funcName": "process_file", "lineno": 62, "message": "file processing: input.txt"}
{"asctime": "2024-02-03T21:19:51Z", "levelname": "INFO", "name": "demo_project.app.utils.app_utils", "module": "app_utils", "funcName": "read_data", "lineno": 126, "message": "data read successfully.."}
{"asctime": "2024-02-03T21:19:51Z", "levelname": "INFO", "name": "demo_project.app.fileProcessor", "module": "fileProcessor", "funcName": "process_file", "lineno": 66, "message": "input.txt : File processing successful..!"}
{"asctime": "2024-02-03T21:19:51Z", "levelname": "INFO", "name": "demo_project.app.fileProcessor", "module": "fileProcessor", "funcName": "process_file", "lineno": 62, "message": "file processing: output.txt"}
{"asctime": "2024-02-03T21:19:51Z", "levelname": "INFO", "name": "demo_project.app.utils.app_utils", "module": "app_utils", "funcName": "read_data", "lineno": 126, "message": "data read successfully.."}
{"asctime": "2024-02-03T21:19:51Z", "levelname": "INFO", "name": "demo_project.app.fileProcessor", "module": "fileProcessor", "funcName": "process_file", "lineno": 66, "message": "output.txt : File processing successful..!"}
{"asctime": "2024-02-03T21:20:11Z", "levelname": "INFO", "name": "demo_project.app.utils.log_utils", "module": "log_utils", "funcName": "configure_logging", "lineno": 50, "message": "Logging configured."}
{"asctime": "2024-02-03T21:20:11Z", "levelname": "INFO", "name": "demo_project.app.fileProcessor", "module": "fileProcessor", "funcName": "process_file", "lineno": 62, "message": "file processing: input.txt"}
{"asctime": "2024-02-03T21:20:11Z", "levelname": "INFO", "name": "demo_project.app.utils.app_utils", "module": "app_utils", "funcName": "read_data", "lineno": 126, "message": "data read successfully.."}
{"asctime": "2024-02-03T21:20:11Z", "levelname": "INFO", "name": "demo_project.app.fileProcessor", "module": "fileProcessor", "funcName": "process_file", "lineno": 66, "message": "input.txt : File processing successful..!"}
{"asctime": "2024-02-03T21:20:11Z", "levelname": "INFO", "name": "demo_project.app.fileProcessor", "module": "fileProcessor", "funcName": "process_file", "lineno": 62, "message": "file processing: output.txt"}
{"asctime": "2024-02-03T21:20:11Z", "levelname": "INFO", "name": "demo_project.app.utils.app_utils", "module": "app_utils", "funcName": "read_data", "lineno": 126, "message": "data read successfully.."}
{"asctime": "2024-02-03T21:20:12Z", "levelname": "INFO", "name": "demo_project.app.fileProcessor", "module": "fileProcessor", "funcName": "process_file", "lineno": 66, "message": "output.txt : File processing successful..!"}
